<?xml version="1.0" encoding="UTF-8"?>
<testng-results ignored="0" total="1" passed="1" failed="0" skipped="0">
  <reporter-output>
  </reporter-output>
  <suite started-at="2023-10-24T09:23:09 EEST" name="Default suite" finished-at="2023-10-24T09:23:40 EEST" duration-ms="30227">
    <groups>
    </groups>
    <test started-at="2023-10-24T09:23:09 EEST" name="Default test" finished-at="2023-10-24T09:23:40 EEST" duration-ms="30227">
      <class name="project2.Project2">
        <test-method is-config="true" signature="Setup()[pri:0, instance:project2.Project2@5aa0dbf4]" started-at="2023-10-24T09:23:09 EEST" name="Setup" finished-at="2023-10-24T09:23:39 EEST" duration-ms="29250" status="PASS">
          <reporter-output>
          </reporter-output>
        </test-method> <!-- Setup -->
        <test-method signature="Test()[pri:0, instance:project2.Project2@5aa0dbf4]" started-at="2023-10-24T09:23:39 EEST" name="Test" finished-at="2023-10-24T09:23:40 EEST" duration-ms="879" status="PASS">
          <reporter-output>
          </reporter-output>
        </test-method> <!-- Test -->
        <test-method is-config="true" signature="AfterTest()[pri:0, instance:project2.Project2@5aa0dbf4]" started-at="2023-10-24T09:23:40 EEST" name="AfterTest" finished-at="2023-10-24T09:23:40 EEST" duration-ms="0" status="PASS">
          <reporter-output>
          </reporter-output>
        </test-method> <!-- AfterTest -->
      </class> <!-- project2.Project2 -->
    </test> <!-- Default test -->
  </suite> <!-- Default suite -->
</testng-results>
